AppCourrier/app/build/intermediates/manifest_merge_blame_file/debug/processDebugMainManifest/manifest-merger-blame-debug-report.txt
1<?xml version="1.0" encoding="utf-8"?>
2<manifest xmlns:android="http://schemas.android.com/apk/res/android"
3    package="com.courierexperts.demo"
4    android:versionCode="1"
5    android:versionName="1.0" >
6
7    <uses-sdk
8        android:minSdkVersion="24"
9        android:targetSdkVersion="34" />
10
11    <uses-permission android:name="android.permission.INTERNET" />
11-->src\main\AndroidManifest.xml:3:5-67
11-->src\main\AndroidManifest.xml:3:22-64
12    <uses-permission android:name="android.permission.ACCESS_NETWORK_STATE" />
12-->src\main\AndroidManifest.xml:4:5-79
12-->src\main\AndroidManifest.xml:4:22-76
13
14    <permission
14-->[androidx.core:core:1.13.1] AndroidManifest.xml:22:5-24:47
15        android:name="com.courierexperts.demo.DYNAMIC_RECEIVER_NOT_EXPORTED_PERMISSION"
15-->[androidx.core:core:1.13.1] AndroidManifest.xml:23:9-81
16        android:protectionLevel="signature" />
16-->[androidx.core:core:1.13.1] AndroidManifest.xml:24:9-44
17
18    <uses-permission android:name="com.courierexperts.demo.DYNAMIC_RECEIVER_NOT_EXPORTED_PERMISSION" />
18-->[androidx.core:core:1.13.1] AndroidManifest.xml:26:5-97
18-->[androidx.core:core:1.13.1] AndroidManifest.xml:26:22-94
19
20    <application
20-->src\main\AndroidManifest.xml:5:5-29:19
21        android:allowBackup="true"
21-->src\main\AndroidManifest.xml:7:9-35
22        android:appComponentFactory="androidx.core.app.CoreComponentFactory"
22-->[androidx.core:core:1.13.1] AndroidManifest.xml:28:18-86
23        android:debuggable="true"
24        android:extractNativeLibs="false"
25        android:label="CourierExpertsDemo"
25-->src\main\AndroidManifest.xml:6:9-43
26        android:supportsRtl="true"
26-->src\main\AndroidManifest.xml:8:9-35
27        android:testOnly="true"
28        android:theme="@style/Theme.AppCourrier" >
28-->src\main\AndroidManifest.xml:9:9-49
29        <activity
29-->src\main\AndroidManifest.xml:10:9-15:20
30            android:name="com.courierexperts.demo.WelcomeActivity"
30-->src\main\AndroidManifest.xml:10:19-50
31            android:exported="true" >
31-->src\main\AndroidManifest.xml:10:51-74
32            <intent-filter>
32-->src\main\AndroidManifest.xml:11:13-14:29
33                <action android:name="android.intent.action.MAIN" />
33-->src\main\AndroidManifest.xml:12:17-69
33-->src\main\AndroidManifest.xml:12:25-66
34
35                <category android:name="android.intent.category.LAUNCHER" />
35-->src\main\AndroidManifest.xml:13:17-77
35-->src\main\AndroidManifest.xml:13:27-74
36            </intent-filter>
37        </activity>
38        <activity android:name="com.courierexperts.demo.HomeActivity" />
38-->src\main\AndroidManifest.xml:16:9-50
38-->src\main\AndroidManifest.xml:16:19-47
39        <activity android:name="com.courierexperts.demo.SignInActivity" />
39-->src\main\AndroidManifest.xml:17:9-52
39-->src\main\AndroidManifest.xml:17:19-49
40        <activity android:name="com.courierexperts.demo.SignUpStep1Activity" />
40-->src\main\AndroidManifest.xml:18:9-57
40-->src\main\AndroidManifest.xml:18:19-54
41        <activity android:name="com.courierexperts.demo.SignUpStep2Activity" />
41-->src\main\AndroidManifest.xml:19:9-57
41-->src\main\AndroidManifest.xml:19:19-54
42        <activity android:name="com.courierexperts.demo.PurchasesActivity" />
42-->src\main\AndroidManifest.xml:20:9-55
42-->src\main\AndroidManifest.xml:20:19-52
43        <activity android:name="com.courierexperts.demo.PackagesActivity" />
43-->src\main\AndroidManifest.xml:21:9-54
43-->src\main\AndroidManifest.xml:21:19-51
44        <activity android:name="com.courierexperts.demo.ShipmentsActivity" />
44-->src\main\AndroidManifest.xml:22:9-55
44-->src\main\AndroidManifest.xml:22:19-52
45        <activity android:name="com.courierexperts.demo.NewPurchaseActivity" />
45-->src\main\AndroidManifest.xml:23:9-57
45-->src\main\AndroidManifest.xml:23:19-54
46        <activity android:name="com.courierexperts.demo.ProfileActivity" />
46-->src\main\AndroidManifest.xml:24:9-53
46-->src\main\AndroidManifest.xml:24:19-50
47        <activity android:name="com.courierexperts.demo.EditProfileActivity" />
47-->src\main\AndroidManifest.xml:25:9-57
47-->src\main\AndroidManifest.xml:25:19-54
48        <activity android:name="com.courierexperts.demo.PurchaseDetailActivity" />
48-->src\main\AndroidManifest.xml:26:9-60
48-->src\main\AndroidManifest.xml:26:19-57
49        <activity android:name="com.courierexperts.demo.ShipmentDetailActivity" />
49-->src\main\AndroidManifest.xml:27:9-60
49-->src\main\AndroidManifest.xml:27:19-57
50        <activity android:name="com.courierexperts.demo.PackageDetailActivity" />
50-->src\main\AndroidManifest.xml:28:9-59
50-->src\main\AndroidManifest.xml:28:19-56
51
52        <provider
52-->[androidx.emoji2:emoji2:1.3.0] AndroidManifest.xml:24:9-32:20
53            android:name="androidx.startup.InitializationProvider"
53-->[androidx.emoji2:emoji2:1.3.0] AndroidManifest.xml:25:13-67
54            android:authorities="com.courierexperts.demo.androidx-startup"
54-->[androidx.emoji2:emoji2:1.3.0] AndroidManifest.xml:26:13-68
55            android:exported="false" >
55-->[androidx.emoji2:emoji2:1.3.0] AndroidManifest.xml:27:13-37
56            <meta-data
56-->[androidx.emoji2:emoji2:1.3.0] AndroidManifest.xml:29:13-31:52
57                android:name="androidx.emoji2.text.EmojiCompatInitializer"
57-->[androidx.emoji2:emoji2:1.3.0] AndroidManifest.xml:30:17-75
58                android:value="androidx.startup" />
58-->[androidx.emoji2:emoji2:1.3.0] AndroidManifest.xml:31:17-49
59            <meta-data
59-->[androidx.lifecycle:lifecycle-process:2.8.6] AndroidManifest.xml:29:13-31:52
60                android:name="androidx.lifecycle.ProcessLifecycleInitializer"
60-->[androidx.lifecycle:lifecycle-process:2.8.6] AndroidManifest.xml:30:17-78
61                android:value="androidx.startup" />
61-->[androidx.lifecycle:lifecycle-process:2.8.6] AndroidManifest.xml:31:17-49
62            <meta-data
62-->[androidx.profileinstaller:profileinstaller:1.3.1] AndroidManifest.xml:29:13-31:52
63                android:name="androidx.profileinstaller.ProfileInstallerInitializer"
63-->[androidx.profileinstaller:profileinstaller:1.3.1] AndroidManifest.xml:30:17-85
64                android:value="androidx.startup" />
64-->[androidx.profileinstaller:profileinstaller:1.3.1] AndroidManifest.xml:31:17-49
65        </provider>
66
67        <service
67-->[androidx.room:room-runtime:2.6.1] AndroidManifest.xml:24:9-28:63
68            android:name="androidx.room.MultiInstanceInvalidationService"
68-->[androidx.room:room-runtime:2.6.1] AndroidManifest.xml:25:13-74
69            android:directBootAware="true"
69-->[androidx.room:room-runtime:2.6.1] AndroidManifest.xml:26:13-43
70            android:exported="false" />
70-->[androidx.room:room-runtime:2.6.1] AndroidManifest.xml:27:13-37
71
72        <receiver
72-->[androidx.profileinstaller:profileinstaller:1.3.1] AndroidManifest.xml:34:9-52:20
73            android:name="androidx.profileinstaller.ProfileInstallReceiver"
73-->[androidx.profileinstaller:profileinstaller:1.3.1] AndroidManifest.xml:35:13-76
74            android:directBootAware="false"
74-->[androidx.profileinstaller:profileinstaller:1.3.1] AndroidManifest.xml:36:13-44
75            android:enabled="true"
75-->[androidx.profileinstaller:profileinstaller:1.3.1] AndroidManifest.xml:37:13-35
76            android:exported="true"
76-->[androidx.profileinstaller:profileinstaller:1.3.1] AndroidManifest.xml:38:13-36
77            android:permission="android.permission.DUMP" >
77-->[androidx.profileinstaller:profileinstaller:1.3.1] AndroidManifest.xml:39:13-57
78            <intent-filter>
78-->[androidx.profileinstaller:profileinstaller:1.3.1] AndroidManifest.xml:40:13-42:29
79                <action android:name="androidx.profileinstaller.action.INSTALL_PROFILE" />
79-->[androidx.profileinstaller:profileinstaller:1.3.1] AndroidManifest.xml:41:17-91
79-->[androidx.profileinstaller:profileinstaller:1.3.1] AndroidManifest.xml:41:25-88
80            </intent-filter>
81            <intent-filter>
81-->[androidx.profileinstaller:profileinstaller:1.3.1] AndroidManifest.xml:43:13-45:29
82                <action android:name="androidx.profileinstaller.action.SKIP_FILE" />
82-->[androidx.profileinstaller:profileinstaller:1.3.1] AndroidManifest.xml:44:17-85
82-->[androidx.profileinstaller:profileinstaller:1.3.1] AndroidManifest.xml:44:25-82
83            </intent-filter>
84            <intent-filter>
84-->[androidx.profileinstaller:profileinstaller:1.3.1] AndroidManifest.xml:46:13-48:29
85                <action android:name="androidx.profileinstaller.action.SAVE_PROFILE" />
85-->[androidx.profileinstaller:profileinstaller:1.3.1] AndroidManifest.xml:47:17-88
85-->[androidx.profileinstaller:profileinstaller:1.3.1] AndroidManifest.xml:47:25-85
86            </intent-filter>
87            <intent-filter>
87-->[androidx.profileinstaller:profileinstaller:1.3.1] AndroidManifest.xml:49:13-51:29
88                <action android:name="androidx.profileinstaller.action.BENCHMARK_OPERATION" />
88-->[androidx.profileinstaller:profileinstaller:1.3.1] AndroidManifest.xml:50:17-95
88-->[androidx.profileinstaller:profileinstaller:1.3.1] AndroidManifest.xml:50:25-92
89            </intent-filter>
90        </receiver>
91    </application>
92
93</manifest>